[debug] [2020-03-28T05:34:54.888Z] ----------------------------------------------------------------------
[debug] [2020-03-28T05:34:54.892Z] Command:       C:\Program Files\nodejs\node.exe C:\Users\edgci\AppData\Roaming\npm\node_modules\firebase-tools\lib\bin\firebase.js serve
[debug] [2020-03-28T05:34:54.892Z] CLI Version:   7.12.1
[debug] [2020-03-28T05:34:54.892Z] Platform:      win32
[debug] [2020-03-28T05:34:54.893Z] Node Version:  v10.16.3
[debug] [2020-03-28T05:34:54.902Z] Time:          Fri Mar 27 2020 23:34:54 GMT-0600 (GMT-06:00)
[debug] [2020-03-28T05:34:54.902Z] ----------------------------------------------------------------------
[debug] [2020-03-28T05:34:54.903Z] 
[debug] [2020-03-28T05:34:54.918Z] > command requires scopes: ["email","openid","https://www.googleapis.com/auth/cloudplatformprojects.readonly","https://www.googleapis.com/auth/firebase","https://www.googleapis.com/auth/cloud-platform"]
[debug] [2020-03-28T05:34:54.919Z] > authorizing via signed-in user
[debug] [2020-03-28T05:34:54.919Z] [iam] checking project apitecto-d77cd for permissions ["firebase.projects.get"]
[debug] [2020-03-28T05:34:54.921Z] >>> HTTP REQUEST POST https://cloudresourcemanager.googleapis.com/v1/projects/apitecto-d77cd:testIamPermissions  

[debug] [2020-03-28T05:34:55.579Z] <<< HTTP RESPONSE 200
[debug] [2020-03-28T05:34:55.584Z] >>> HTTP REQUEST GET https://firebase.googleapis.com/v1beta1/projects/apitecto-d77cd  
 
[debug] [2020-03-28T05:34:56.122Z] <<< HTTP RESPONSE 200
[info] 
[info] === Serving from 'c:\apps\apitecto\apitecto-webapp'...
[info] 
[debug] [2020-03-28T05:34:56.131Z] >>> HTTP REQUEST GET https://firebase.googleapis.com/v1beta1/projects/apitecto-d77cd/webApps/-/config  
 
[debug] [2020-03-28T05:34:56.616Z] <<< HTTP RESPONSE 200
[info] i  hosting: Serving hosting files from: dist/apitecto-webapp/browser
[info] +  hosting: Local server: http://localhost:5000
[warn] !  Your requested "node" version "8" doesn't match your global version "10"
[info] +  functions: Emulator started at http://localhost:5001
[info] i  functions: Watching "c:\apps\apitecto\apitecto-webapp\functions" for Cloud Functions...
[debug] [2020-03-28T05:34:58.733Z] [worker-pool] addWorker(~diagnostic~)
[debug] [2020-03-28T05:34:58.734Z] [worker-pool] Adding worker with key ~diagnostic~, total=1
[debug] [2020-03-28T05:34:58.734Z] [worker-pool] submitWork(triggerId=)
[debug] [2020-03-28T05:34:58.735Z] [worker-~diagnostic~-15d3ba65-6952-45fc-9986-1725247e5f98]: Assigning socketPath: \\?\pipe\c:\apps\apitecto\apitecto-webapp\functions\1324
[debug] [2020-03-28T05:34:58.736Z] [worker-~diagnostic~-15d3ba65-6952-45fc-9986-1725247e5f98]: BUSY
[debug] [2020-03-28T05:34:59.704Z] [runtime-status] [1324] Functions runtime initialized. {"cwd":"c:\\apps\\apitecto\\apitecto-webapp\\functions","node_version":"10.16.3"}
[debug] [2020-03-28T05:34:59.706Z] [runtime-status] [1324] Disabled runtime features: {"functions_config_helper":true,"network_filtering":true,"timeout":true,"memory_limiting":true,"admin_stubs":true,"pubsub_emulator":true}
[debug] [2020-03-28T05:34:59.715Z] [runtime-status] [1324] Resolved module firebase-admin {"declared":true,"installed":true,"version":"8.10.0","resolution":"c:\\apps\\apitecto\\apitecto-webapp\\functions\\node_modules\\firebase-admin\\lib\\index.js"}
[debug] [2020-03-28T05:34:59.719Z] [runtime-status] [1324] Resolved module firebase-functions {"declared":true,"installed":true,"version":"3.5.0","resolution":"c:\\apps\\apitecto\\apitecto-webapp\\functions\\node_modules\\firebase-functions\\lib\\index.js"}
[debug] [2020-03-28T05:34:59.720Z] [runtime-status] [1324] Resolved module firebase-functions {"declared":true,"installed":true,"version":"3.5.0","resolution":"c:\\apps\\apitecto\\apitecto-webapp\\functions\\node_modules\\firebase-functions\\lib\\index.js"}
[warn] !  Error: Cannot find module 'c:\apps\apitecto\apitecto-webapp\functions/dist/apitecto-webapp/server/main.js'
    at Function.Module._resolveFilename (internal/modules/cjs/loader.js:636:15)
    at Function.Module._load (internal/modules/cjs/loader.js:562:25)
    at Module.require (internal/modules/cjs/loader.js:692:17)
    at require (internal/modules/cjs/helpers.js:25:18)
    at Object.<anonymous> (c:\apps\apitecto\apitecto-webapp\functions\lib\index.js:4:19)
    at Module._compile (internal/modules/cjs/loader.js:778:30)
    at Object.Module._extensions..js (internal/modules/cjs/loader.js:789:10)
    at Module.load (internal/modules/cjs/loader.js:653:32)
    at tryModuleLoad (internal/modules/cjs/loader.js:593:12)
    at Function.Module._load (internal/modules/cjs/loader.js:585:3)
[warn] !  We were unable to load your functions code. (see above)
   - It appears your code is written in Typescript, which must be compiled before emulation.
   - You may be able to run "npm run build" in your functions directory to resolve this.
[debug] [2020-03-28T05:34:59.897Z] [worker-~diagnostic~-15d3ba65-6952-45fc-9986-1725247e5f98]: exited
[debug] [2020-03-28T05:34:59.897Z] [worker-~diagnostic~-15d3ba65-6952-45fc-9986-1725247e5f98]: FINISHED
[info] [hosting] Rewriting /categoria/electricidad to http://localhost:5001/apitecto-d77cd/us-central1/ssr for local Function ssr
[debug] [2020-03-28T05:39:24.791Z] [work-queue] {"queueLength":1,"workRunningCount":0}
[debug] [2020-03-28T05:39:24.791Z] [work-queue] {"queueLength":0,"workRunningCount":1}
[debug] [2020-03-28T05:39:24.792Z] Accepted request GET /apitecto-d77cd/us-central1/ssr/categoria/electricidad --> ssr
[debug] [2020-03-28T05:39:24.792Z] [worker-pool] Cleaned up workers for ~diagnostic~: 1 --> 0
[debug] [2020-03-28T05:39:24.800Z] [worker-pool] addWorker(ssr)
[debug] [2020-03-28T05:39:24.802Z] [worker-pool] Adding worker with key ssr, total=1
[debug] [2020-03-28T05:39:24.802Z] [worker-pool] submitWork(triggerId=ssr)
[debug] [2020-03-28T05:39:24.802Z] [worker-ssr-6b6e3af2-d073-4b0c-8087-847bd8fc8844]: Assigning socketPath: \\?\pipe\c:\apps\apitecto\apitecto-webapp\functions\16664
[debug] [2020-03-28T05:39:24.802Z] [worker-ssr-6b6e3af2-d073-4b0c-8087-847bd8fc8844]: BUSY
[debug] [2020-03-28T05:39:25.603Z] [runtime-status] [16664] Functions runtime initialized. {"cwd":"c:\\apps\\apitecto\\apitecto-webapp\\functions","node_version":"10.16.3"}
[debug] [2020-03-28T05:39:25.608Z] [runtime-status] [16664] Disabled runtime features: {"functions_config_helper":true,"network_filtering":true,"timeout":true,"memory_limiting":true,"admin_stubs":true,"pubsub_emulator":true}
[debug] [2020-03-28T05:39:25.615Z] [runtime-status] [16664] Resolved module firebase-admin {"declared":true,"installed":true,"version":"8.10.0","resolution":"c:\\apps\\apitecto\\apitecto-webapp\\functions\\node_modules\\firebase-admin\\lib\\index.js"}
[debug] [2020-03-28T05:39:25.619Z] [runtime-status] [16664] Resolved module firebase-functions {"declared":true,"installed":true,"version":"3.5.0","resolution":"c:\\apps\\apitecto\\apitecto-webapp\\functions\\node_modules\\firebase-functions\\lib\\index.js"}
[debug] [2020-03-28T05:39:25.621Z] [runtime-status] [16664] Resolved module firebase-functions {"declared":true,"installed":true,"version":"3.5.0","resolution":"c:\\apps\\apitecto\\apitecto-webapp\\functions\\node_modules\\firebase-functions\\lib\\index.js"}
[warn] !  Error: Cannot find module 'c:\apps\apitecto\apitecto-webapp\functions/dist/apitecto-webapp/server/main.js'
    at Function.Module._resolveFilename (internal/modules/cjs/loader.js:636:15)
    at Function.Module._load (internal/modules/cjs/loader.js:562:25)
    at Module.require (internal/modules/cjs/loader.js:692:17)
    at require (internal/modules/cjs/helpers.js:25:18)
    at Object.<anonymous> (c:\apps\apitecto\apitecto-webapp\functions\lib\index.js:4:19)
    at Module._compile (internal/modules/cjs/loader.js:778:30)
    at Object.Module._extensions..js (internal/modules/cjs/loader.js:789:10)
    at Module.load (internal/modules/cjs/loader.js:653:32)
    at tryModuleLoad (internal/modules/cjs/loader.js:593:12)
    at Function.Module._load (internal/modules/cjs/loader.js:585:3)
[warn] !  We were unable to load your functions code. (see above)
   - It appears your code is written in Typescript, which must be compiled before emulation.
   - You may be able to run "npm run build" in your functions directory to resolve this.
[debug] [2020-03-28T05:39:25.750Z] [worker-ssr-6b6e3af2-d073-4b0c-8087-847bd8fc8844]: exited
[debug] [2020-03-28T05:39:25.751Z] [worker-ssr-6b6e3af2-d073-4b0c-8087-847bd8fc8844]: FINISHED
[info] [hosting] Rewriting /categoria/electricidad to http://localhost:5001/apitecto-d77cd/us-central1/ssr for local Function ssr
[debug] [2020-03-28T05:39:27.453Z] [work-queue] {"queueLength":1,"workRunningCount":1}
[debug] [2020-03-28T05:39:27.454Z] [work-queue] {"queueLength":0,"workRunningCount":2}
[debug] [2020-03-28T05:39:27.454Z] Accepted request GET /apitecto-d77cd/us-central1/ssr/categoria/electricidad --> ssr
[debug] [2020-03-28T05:39:27.454Z] [worker-pool] Cleaned up workers for ssr: 1 --> 0
[debug] [2020-03-28T05:39:27.460Z] [worker-pool] addWorker(ssr)
[debug] [2020-03-28T05:39:27.461Z] [worker-pool] Adding worker with key ssr, total=1
[debug] [2020-03-28T05:39:27.461Z] [worker-pool] submitWork(triggerId=ssr)
[debug] [2020-03-28T05:39:27.461Z] [worker-ssr-059e227c-fbcf-4480-85da-e05d14a37e6f]: Assigning socketPath: \\?\pipe\c:\apps\apitecto\apitecto-webapp\functions\17896
[debug] [2020-03-28T05:39:27.461Z] [worker-ssr-059e227c-fbcf-4480-85da-e05d14a37e6f]: BUSY
[debug] [2020-03-28T05:39:28.342Z] [runtime-status] [17896] Functions runtime initialized. {"cwd":"c:\\apps\\apitecto\\apitecto-webapp\\functions","node_version":"10.16.3"}
[debug] [2020-03-28T05:39:28.345Z] [runtime-status] [17896] Disabled runtime features: {"functions_config_helper":true,"network_filtering":true,"timeout":true,"memory_limiting":true,"admin_stubs":true,"pubsub_emulator":true}
[debug] [2020-03-28T05:39:28.353Z] [runtime-status] [17896] Resolved module firebase-admin {"declared":true,"installed":true,"version":"8.10.0","resolution":"c:\\apps\\apitecto\\apitecto-webapp\\functions\\node_modules\\firebase-admin\\lib\\index.js"}
[debug] [2020-03-28T05:39:28.356Z] [runtime-status] [17896] Resolved module firebase-functions {"declared":true,"installed":true,"version":"3.5.0","resolution":"c:\\apps\\apitecto\\apitecto-webapp\\functions\\node_modules\\firebase-functions\\lib\\index.js"}
[debug] [2020-03-28T05:39:28.358Z] [runtime-status] [17896] Resolved module firebase-functions {"declared":true,"installed":true,"version":"3.5.0","resolution":"c:\\apps\\apitecto\\apitecto-webapp\\functions\\node_modules\\firebase-functions\\lib\\index.js"}
[warn] !  Error: Cannot find module 'c:\apps\apitecto\apitecto-webapp\functions/dist/apitecto-webapp/server/main.js'
    at Function.Module._resolveFilename (internal/modules/cjs/loader.js:636:15)
    at Function.Module._load (internal/modules/cjs/loader.js:562:25)
    at Module.require (internal/modules/cjs/loader.js:692:17)
    at require (internal/modules/cjs/helpers.js:25:18)
    at Object.<anonymous> (c:\apps\apitecto\apitecto-webapp\functions\lib\index.js:4:19)
    at Module._compile (internal/modules/cjs/loader.js:778:30)
    at Object.Module._extensions..js (internal/modules/cjs/loader.js:789:10)
    at Module.load (internal/modules/cjs/loader.js:653:32)
    at tryModuleLoad (internal/modules/cjs/loader.js:593:12)
    at Function.Module._load (internal/modules/cjs/loader.js:585:3)
[warn] !  We were unable to load your functions code. (see above)
   - It appears your code is written in Typescript, which must be compiled before emulation.
   - You may be able to run "npm run build" in your functions directory to resolve this.
[debug] [2020-03-28T05:39:28.495Z] [worker-ssr-059e227c-fbcf-4480-85da-e05d14a37e6f]: exited
[debug] [2020-03-28T05:39:28.495Z] [worker-ssr-059e227c-fbcf-4480-85da-e05d14a37e6f]: FINISHED
